c:\users\e\source\repos\dun\dun\debug\vc142.pdb
c:\users\e\source\repos\dun\dun\debug\vc142.idb
c:\users\e\source\repos\dun\dun\debug\room.nativecodeanalysis.sarif
c:\users\e\source\repos\dun\dun\debug\room.nativecodeanalysis.xml
c:\users\e\source\repos\dun\dun\debug\record.nativecodeanalysis.sarif
c:\users\e\source\repos\dun\dun\debug\record.nativecodeanalysis.xml
c:\users\e\source\repos\dun\dun\debug\player.nativecodeanalysis.sarif
c:\users\e\source\repos\dun\dun\debug\player.nativecodeanalysis.xml
c:\users\e\source\repos\dun\dun\debug\object.nativecodeanalysis.sarif
c:\users\e\source\repos\dun\dun\debug\object.nativecodeanalysis.xml
c:\users\e\source\repos\dun\dun\debug\npc.nativecodeanalysis.sarif
c:\users\e\source\repos\dun\dun\debug\npc.nativecodeanalysis.xml
c:\users\e\source\repos\dun\dun\debug\monster.nativecodeanalysis.sarif
c:\users\e\source\repos\dun\dun\debug\monster.nativecodeanalysis.xml
c:\users\e\source\repos\dun\dun\debug\item.nativecodeanalysis.sarif
c:\users\e\source\repos\dun\dun\debug\item.nativecodeanalysis.xml
c:\users\e\source\repos\dun\dun\debug\gamecharacter.nativecodeanalysis.sarif
c:\users\e\source\repos\dun\dun\debug\gamecharacter.nativecodeanalysis.xml
c:\users\e\source\repos\dun\dun\debug\dungeon.nativecodeanalysis.sarif
c:\users\e\source\repos\dun\dun\debug\dungeon.nativecodeanalysis.xml
c:\users\e\source\repos\dun\dun\debug\dun.nativecodeanalysis.sarif
c:\users\e\source\repos\dun\dun\debug\dun.nativecodeanalysis.xml
c:\users\e\source\repos\dun\dun\debug\dun.obj
c:\users\e\source\repos\dun\dun\debug\dungeon.obj
c:\users\e\source\repos\dun\dun\debug\gamecharacter.obj
c:\users\e\source\repos\dun\dun\debug\item.obj
c:\users\e\source\repos\dun\dun\debug\monster.obj
c:\users\e\source\repos\dun\dun\debug\npc.obj
c:\users\e\source\repos\dun\dun\debug\object.obj
c:\users\e\source\repos\dun\dun\debug\player.obj
c:\users\e\source\repos\dun\dun\debug\record.obj
c:\users\e\source\repos\dun\dun\debug\room.obj
c:\users\e\source\repos\dun\dun\debug\dun.ilk
c:\users\e\source\repos\dun\debug\dun.exe
c:\users\e\source\repos\dun\debug\dun.pdb
c:\users\e\source\repos\dun\dun\debug\vc.nativecodeanalysis.all.xml
c:\users\e\source\repos\dun\dun\debug\dun.tlog\cl.command.1.tlog
c:\users\e\source\repos\dun\dun\debug\dun.tlog\cl.read.1.tlog
c:\users\e\source\repos\dun\dun\debug\dun.tlog\cl.write.1.tlog
c:\users\e\source\repos\dun\dun\debug\dun.tlog\link.command.1.tlog
c:\users\e\source\repos\dun\dun\debug\dun.tlog\link.read.1.tlog
c:\users\e\source\repos\dun\dun\debug\dun.tlog\link.write.1.tlog
